<?xml version="1.0" encoding="UTF-8"?>
<!-- Generated by org.testng.reporters.JUnitXMLReporter -->
<testsuite ignored="0" hostname="DESKTOP-QRHC3KD" failures="0" tests="2" name="Default test" time="0.054" errors="0" timestamp="2022-05-29T09:12:37 IST">
  <testcase classname="com.archeyTypeMaven.practice.MavenArcheyType.FirstMavenProgram" name="demo" time="0.011"/>
  <testcase classname="com.archeyTypeMaven.practice.MavenArcheyType.FirstMavenProgram" name="demo1" time="0.004"/>
</testsuite> <!-- Default test -->
