<?xml version="1.0" encoding="UTF-8"?>
<!-- Generated by org.testng.reporters.JUnitXMLReporter -->
<testsuite ignored="0" hostname="DESKTOP-QRHC3KD" failures="0" tests="5" name="Test" time="5.386" errors="0" timestamp="2022-05-27T09:47:42 IST">
  <testcase classname="com.archeyTypeMaven.practice.MavenArcheyType.FirstMavenProgram" name="demo" time="0.01"/>
  <testcase classname="com.archeyTypeMaven.practice.MavenArcheyType.FirstMavenProgram" name="demo1" time="0.002"/>
  <testcase classname="com.archeyTypeMaven.practice.MavenArcheyType.TestCase" name="getMethodName" time="0.001"/>
  <testcase classname="com.archeyTypeMaven.practice.MavenArcheyType.TestCase" name="hello" time="0.002"/>
  <testcase classname="com.archeyTypeMaven.practice.MavenArcheyType.TestCase" name="openBowser" time="5.302"/>
</testsuite> <!-- Test -->
