<?xml version="1.0" encoding="UTF-8"?>
<testng-results ignored="0" total="2" passed="2" failed="0" skipped="0">
  <reporter-output>
  </reporter-output>
  <suite started-at="2022-05-29T09:12:37 IST" name="Default suite" finished-at="2022-05-29T09:12:37 IST" duration-ms="54">
    <groups>
    </groups>
    <test started-at="2022-05-29T09:12:37 IST" name="Default test" finished-at="2022-05-29T09:12:37 IST" duration-ms="54">
      <class name="com.archeyTypeMaven.practice.MavenArcheyType.FirstMavenProgram">
        <test-method signature="demo()[pri:0, instance:com.archeyTypeMaven.practice.MavenArcheyType.FirstMavenProgram@41fbdac4]" started-at="2022-05-29T09:12:37 IST" name="demo" finished-at="2022-05-29T09:12:37 IST" duration-ms="11" status="PASS">
          <reporter-output>
          </reporter-output>
        </test-method> <!-- demo -->
        <test-method signature="demo1()[pri:0, instance:com.archeyTypeMaven.practice.MavenArcheyType.FirstMavenProgram@41fbdac4]" started-at="2022-05-29T09:12:37 IST" name="demo1" finished-at="2022-05-29T09:12:37 IST" duration-ms="4" status="PASS">
          <reporter-output>
          </reporter-output>
        </test-method> <!-- demo1 -->
      </class> <!-- com.archeyTypeMaven.practice.MavenArcheyType.FirstMavenProgram -->
    </test> <!-- Default test -->
  </suite> <!-- Default suite -->
</testng-results>
